2017-12-09 10:42:51,900 -- root -- DEBUG -- retour de getOneDep: ['unif', 'prof', 'cours'] <class 'list'>
2017-12-09 10:42:51,901 -- root -- DEBUG -- slhs: ['prof']
2017-12-09 10:42:51,901 -- root -- DEBUG -- liste des attributs: ['prof', 'cours', 'heure']
2017-12-09 10:42:51,901 -- root -- DEBUG -- est une DF: unif-prof-cours
2017-12-09 10:46:18,847 -- root -- DEBUG -- retour de getOneDep: ['unif', 'prof', 'cours'] <class 'list'>
2017-12-09 10:46:18,848 -- root -- DEBUG -- slhs: ['prof']
2017-12-09 10:46:18,848 -- root -- DEBUG -- liste des attributs: ['prof', 'cours', 'heure']
2017-12-09 10:46:18,848 -- root -- DEBUG -- est une DF: unif-prof-cours
2017-12-09 10:46:52,119 -- root -- DEBUG -- retour de getOneDep: ['unif', 'prof', 'cours'] <class 'list'>
2017-12-09 10:46:52,120 -- root -- DEBUG -- slhs: ['prof']
2017-12-09 10:46:52,120 -- root -- DEBUG -- liste des attributs: ['prof', 'cours', 'heure']
2017-12-09 10:46:52,120 -- root -- DEBUG -- est une DF: unif-prof-cours
2017-12-09 10:46:52,120 -- root -- DEBUG -- appelle isDep 2:  unif prof heure
2017-12-09 10:46:52,120 -- root -- DEBUG -- slhs: ['prof']
2017-12-09 10:46:52,121 -- root -- DEBUG -- liste des attributs: ['prof', 'cours', 'heure']
2017-12-09 10:46:52,121 -- root -- DEBUG -- est une DF: unif-prof-heure
2017-12-09 10:48:15,001 -- root -- DEBUG -- retour de getOneDep: ['unif', 'prof', 'cours'] <class 'list'>
2017-12-09 10:48:15,002 -- root -- DEBUG -- slhs: ['prof']
2017-12-09 10:48:15,002 -- root -- DEBUG -- liste des attributs: ['prof', 'cours', 'heure']
2017-12-09 10:48:15,002 -- root -- DEBUG -- est une DF: unif-prof-cours
2017-12-09 10:48:15,002 -- root -- DEBUG -- appelle isDep 2:  unif prof heure
2017-12-09 10:48:15,003 -- root -- DEBUG -- slhs: ['prof']
2017-12-09 10:48:15,003 -- root -- DEBUG -- liste des attributs: ['prof', 'cours', 'heure']
2017-12-09 10:48:15,003 -- root -- DEBUG -- est une DF: unif-prof-heure
<<<<<<< HEAD
2017-12-09 10:55:28,400 -- root -- DEBUG -- retour de getOneDep: ['unif', 'prof', 'heure'] <class 'list'>
2017-12-09 10:55:28,401 -- root -- DEBUG -- slhs: ['prof']
2017-12-09 10:55:28,401 -- root -- DEBUG -- liste des attributs: ['prof', 'cours', 'heure']
2017-12-09 10:55:28,401 -- root -- DEBUG -- est une DF: unif-prof-heure
2017-12-09 10:55:28,401 -- root -- DEBUG -- appelle isDep 2:  unif prof toto
2017-12-09 10:55:28,402 -- root -- DEBUG -- slhs: ['prof']
2017-12-09 10:55:28,402 -- root -- DEBUG -- liste des attributs: ['prof', 'cours', 'heure']
2017-12-09 10:55:28,402 -- root -- DEBUG -- n'est pas une df 4: unif-prof-toto
2017-12-09 10:55:28,402 -- root -- DEBUG -- nouvelle DF invalide 2
2017-12-09 10:57:53,477 -- root -- DEBUG -- retour de getOneDep: ['unif', 'prof', 'heure'] <class 'list'>
2017-12-09 10:57:53,478 -- root -- DEBUG -- slhs: ['prof']
2017-12-09 10:57:53,478 -- root -- DEBUG -- liste des attributs: ['prof', 'cours', 'heure']
2017-12-09 10:57:53,478 -- root -- DEBUG -- est une DF: unif-prof-heure
2017-12-09 10:57:53,478 -- root -- DEBUG -- appelle isDep 1:  toto prof heure
2017-12-09 10:57:53,478 -- root -- DEBUG -- n'est pas une df 1: toto-prof-heure
2017-12-09 10:57:53,478 -- root -- DEBUG -- nouvelle DF invalide 1
2017-12-09 10:58:24,668 -- root -- DEBUG -- retour de getOneDep: ['unif', 'prof', 'heure'] <class 'list'>
2017-12-09 10:58:24,668 -- root -- DEBUG -- slhs: ['prof']
2017-12-09 10:58:24,668 -- root -- DEBUG -- liste des attributs: ['prof', 'cours', 'heure']
2017-12-09 10:58:24,668 -- root -- DEBUG -- est une DF: unif-prof-heure
2017-12-09 10:58:24,668 -- root -- DEBUG -- appelle isDep 3:  unif heure heure
2017-12-09 10:58:24,669 -- root -- DEBUG -- slhs: ['heure']
2017-12-09 10:58:24,669 -- root -- DEBUG -- liste des attributs: ['prof', 'cours', 'heure']
2017-12-09 10:58:24,669 -- root -- DEBUG -- est une DF: unif-heure-heure
2017-12-09 10:59:11,446 -- root -- DEBUG -- retour de getOneDep: ['unif', 'prof', 'heure'] <class 'list'>
2017-12-09 10:59:11,447 -- root -- DEBUG -- slhs: ['prof']
2017-12-09 10:59:11,447 -- root -- DEBUG -- liste des attributs: ['prof', 'cours', 'heure']
2017-12-09 10:59:11,447 -- root -- DEBUG -- est une DF: unif-prof-heure
2017-12-09 10:59:11,447 -- root -- DEBUG -- appelle isDep 3:  unif heure heure
2017-12-09 10:59:11,447 -- root -- DEBUG -- slhs: ['heure']
2017-12-09 10:59:11,447 -- root -- DEBUG -- liste des attributs: ['prof', 'cours', 'heure']
2017-12-09 10:59:11,448 -- root -- DEBUG -- est une DF: unif-heure-heure
2017-12-09 10:59:21,825 -- root -- DEBUG -- retour de getOneDep: ['unif', 'heure', 'heure'] <class 'list'>
2017-12-09 10:59:21,825 -- root -- DEBUG -- slhs: ['heure']
2017-12-09 10:59:21,825 -- root -- DEBUG -- liste des attributs: ['prof', 'cours', 'heure']
2017-12-09 10:59:21,825 -- root -- DEBUG -- est une DF: unif-heure-heure
2017-12-09 11:01:24,715 -- root -- DEBUG -- retour de getOneDep: ['unif', 'heure', 'heure'] <class 'list'>
2017-12-09 11:01:24,716 -- root -- DEBUG -- slhs: ['heure']
2017-12-09 11:01:24,716 -- root -- DEBUG -- liste des attributs: ['prof', 'cours', 'heure']
2017-12-09 11:01:24,716 -- root -- DEBUG -- est une DF: unif-heure-heure
2017-12-09 11:03:57,285 -- root -- DEBUG -- retour de getOneDep: ['unif', 'heure', 'heure'] <class 'list'>
2017-12-09 11:03:57,285 -- root -- DEBUG -- slhs: ['heure']
2017-12-09 11:03:57,285 -- root -- DEBUG -- liste des attributs: ['prof', 'cours', 'heure']
2017-12-09 11:03:57,286 -- root -- DEBUG -- est une DF: unif-heure-heure
||||||| merged common ancestors
=======
2017-12-09 11:01:53,007 -- root -- DEBUG -- retour de getOneDep: ['unif', 'prof', 'heure'] <class 'list'>
2017-12-09 11:01:53,008 -- root -- DEBUG -- slhs: ['prof']
2017-12-09 11:01:53,008 -- root -- DEBUG -- liste des attributs: ['prof', 'cours', 'heure']
2017-12-09 11:01:53,008 -- root -- DEBUG -- est une DF: unif-prof-heure
2017-12-09 11:01:53,008 -- root -- DEBUG -- appelle isDep 2:  unif prof cours
2017-12-09 11:01:53,008 -- root -- DEBUG -- slhs: ['prof']
2017-12-09 11:01:53,008 -- root -- DEBUG -- liste des attributs: ['prof', 'cours', 'heure']
2017-12-09 11:01:53,009 -- root -- DEBUG -- est une DF: unif-prof-cours
>>>>>>> 100c69fcfb7a21ec10c465c47d41600fdf7f1c19
2017-12-09 12:55:31,293 -- root -- DEBUG -- slhs: ['cours']
2017-12-09 12:55:31,294 -- root -- DEBUG -- liste des attributs: ['prof', 'cours', 'heure']
2017-12-09 12:55:31,294 -- root -- DEBUG -- est une DF: unif-cours-heure
2017-12-09 12:55:43,454 -- root -- DEBUG -- slhs: ['prof']
2017-12-09 12:55:43,454 -- root -- DEBUG -- liste des attributs: ['prof', 'cours', 'heure']
2017-12-09 12:55:43,454 -- root -- DEBUG -- est une DF: unif-prof-heure
2017-12-09 12:58:31,093 -- root -- DEBUG -- slhs: ['cours']
2017-12-09 12:58:31,093 -- root -- DEBUG -- liste des attributs: ['prof', 'cours', 'heure']
2017-12-09 12:58:31,093 -- root -- DEBUG -- est une DF: unif-cours-heure
2017-12-09 13:00:04,901 -- root -- DEBUG -- retour de getOneDep: ['unif', 'cours', 'heure'] <class 'list'>
2017-12-09 13:00:04,902 -- root -- DEBUG -- slhs: ['cours']
2017-12-09 13:00:04,902 -- root -- DEBUG -- liste des attributs: ['prof', 'cours', 'heure']
2017-12-09 13:00:04,902 -- root -- DEBUG -- est une DF: unif-cours-heure
2017-12-09 13:00:04,902 -- root -- DEBUG -- appelle __isDep 2:  unif cours unif
2017-12-09 13:00:04,902 -- root -- DEBUG -- slhs: ['cours']
2017-12-09 13:00:04,902 -- root -- DEBUG -- liste des attributs: ['prof', 'cours', 'heure']
2017-12-09 13:00:04,902 -- root -- DEBUG -- n'est pas une df 4: unif-cours-unif
2017-12-09 13:00:04,902 -- root -- DEBUG -- nouvelle DF invalide 2
2017-12-09 13:01:40,956 -- root -- DEBUG -- retour de getOneDep: ['unif', 'cours', 'heure'] <class 'list'>
2017-12-09 13:01:40,956 -- root -- DEBUG -- slhs: ['cours']
2017-12-09 13:01:40,957 -- root -- DEBUG -- liste des attributs: ['prof', 'cours', 'heure']
2017-12-09 13:01:40,957 -- root -- DEBUG -- est une DF: unif-cours-heure
2017-12-09 13:01:40,957 -- root -- DEBUG -- appelle __isDep 2:  unif cours prof
2017-12-09 13:01:40,957 -- root -- DEBUG -- slhs: ['cours']
2017-12-09 13:01:40,957 -- root -- DEBUG -- liste des attributs: ['prof', 'cours', 'heure']
2017-12-09 13:01:40,957 -- root -- DEBUG -- est une DF: unif-cours-prof
2017-12-09 13:01:59,255 -- root -- DEBUG -- retour de getOneDep: ['unif', 'prof', 'heure'] <class 'list'>
2017-12-09 13:01:59,255 -- root -- DEBUG -- slhs: ['prof']
2017-12-09 13:01:59,255 -- root -- DEBUG -- liste des attributs: ['prof', 'cours', 'heure']
2017-12-09 13:01:59,255 -- root -- DEBUG -- est une DF: unif-prof-heure
2017-12-09 13:02:23,050 -- root -- DEBUG -- slhs: ['prof']
2017-12-09 13:02:23,050 -- root -- DEBUG -- liste des attributs: ['prof', 'cours', 'heure']
2017-12-09 13:02:23,050 -- root -- DEBUG -- est une DF: unif-prof-heure
2017-12-09 14:09:58,290 -- root -- DEBUG -- slhs: ['prof']
2017-12-09 14:09:58,290 -- root -- DEBUG -- liste des attributs: ['prof', 'cours', 'heure']
2017-12-09 14:09:58,290 -- root -- DEBUG -- est une DF: unif-prof-heure
2017-12-09 14:12:25,789 -- root -- DEBUG -- slhs: ['prof']
2017-12-09 14:12:25,789 -- root -- DEBUG -- liste des attributs: ['prof', 'cours', 'heure']
2017-12-09 14:12:25,789 -- root -- DEBUG -- est une DF: unif-prof-heure
2017-12-09 14:12:44,103 -- root -- DEBUG -- n'est pas une df 1: toto-heure-cours
